<?xml version="1.0" encoding="UTF-8"?>
<!-- Generated by org.testng.reporters.JUnitReportReporter -->
<testsuite hostname="DESKTOP-U8KLB9R" name="com.lemon.day018.section1.WithdrawTester" tests="1" failures="0" timestamp="30 May 2020 11:46:46 GMT" time="0.002" errors="0">
  <testcase name="f1" time="0.002" classname="com.lemon.day018.section1.WithdrawTester"/>
</testsuite> <!-- com.lemon.day018.section1.WithdrawTester -->
