<?xml version="1.0" encoding="UTF-8"?>
<!-- Generated by org.testng.reporters.JUnitReportReporter -->
<testsuite hostname="DESKTOP-U8KLB9R" name="com.lemon.day019.section2.FireFoxTester" tests="1" failures="0" timestamp="31 May 2020 14:34:57 GMT" time="4.382" errors="0">
  <testcase name="f" time="4.382" classname="com.lemon.day019.section2.FireFoxTester"/>
</testsuite> <!-- com.lemon.day019.section2.FireFoxTester -->
