<?xml version="1.0" encoding="UTF-8"?>
<!-- Generated by org.testng.reporters.JUnitReportReporter -->
<testsuite hostname="DESKTOP-U8KLB9R" name="com.lemon.day017.section2.rechargeTester" tests="3" failures="0" timestamp="24 Jun 2021 08:32:02 GMT" time="0.010" errors="0">
  <testcase name="f2" time="0.001" classname="com.lemon.day017.section2.rechargeTester"/>
  <testcase name="f3" time="0.001" classname="com.lemon.day017.section2.rechargeTester"/>
  <testcase name="f1" time="0.008" classname="com.lemon.day017.section2.rechargeTester"/>
</testsuite> <!-- com.lemon.day017.section2.rechargeTester -->
