<?xml version="1.0" encoding="UTF-8"?>
<!-- Generated by org.testng.reporters.JUnitReportReporter -->
<testsuite hostname="DESKTOP-U8KLB9R" name="com.lemon.day019.section4.Tester" tests="1" failures="0" timestamp="14 Jul 2021 08:36:25 GMT" time="4.311" errors="0">
  <testcase name="t" time="4.311" classname="com.lemon.day019.section4.Tester"/>
</testsuite> <!-- com.lemon.day019.section4.Tester -->
