<?xml version="1.0" encoding="UTF-8"?>
<!-- Generated by org.testng.reporters.JUnitReportReporter -->
<testsuite hostname="DESKTOP-U8KLB9R" name="com.lemon.day019.section1.AutoTester" tests="1" failures="0" timestamp="30 May 2020 14:04:59 GMT" time="2.036" errors="0">
  <testcase name="f" time="2.036" classname="com.lemon.day019.section1.AutoTester"/>
</testsuite> <!-- com.lemon.day019.section1.AutoTester -->
