<?xml version="1.0" encoding="UTF-8"?>
<!-- Generated by org.testng.reporters.JUnitReportReporter -->
<testsuite hostname="DESKTOP-U8KLB9R" name="com.lemon.day018.section2.FireFoxTester" tests="1" failures="0" timestamp="23 Jun 2021 08:36:07 GMT" time="4.927" errors="0">
  <testcase name="f" time="4.927" classname="com.lemon.day018.section2.FireFoxTester"/>
</testsuite> <!-- com.lemon.day018.section2.FireFoxTester -->
