<?xml version="1.0" encoding="UTF-8"?>
<!-- Generated by org.testng.reporters.JUnitReportReporter -->
<testsuite hostname="DESKTOP-U8KLB9R" name="com.lemon.day019.section2.FireFoxTester2" tests="1" failures="0" timestamp="30 May 2020 15:16:31 GMT" time="4.195" errors="0">
  <testcase name="f" time="4.195" classname="com.lemon.day019.section2.FireFoxTester2"/>
</testsuite> <!-- com.lemon.day019.section2.FireFoxTester2 -->
