<?xml version="1.0" encoding="UTF-8"?>
<!-- Generated by org.testng.reporters.JUnitReportReporter -->
<testsuite hostname="DESKTOP-U8KLB9R" name="com.lemon.day019.section3.Tester" tests="1" failures="0" timestamp="13 Jul 2021 03:06:08 GMT" time="38.636" errors="0">
  <testcase name="name" time="38.636" classname="com.lemon.day019.section3.Tester"/>
</testsuite> <!-- com.lemon.day019.section3.Tester -->
