<?xml version="1.0" encoding="UTF-8"?>
<!-- Generated by org.testng.reporters.JUnitReportReporter -->
<testsuite hostname="DESKTOP-U8KLB9R" name="com.lemon.day020.section1.FindElement" tests="1" failures="0" timestamp="13 Jun 2020 10:22:06 GMT" time="7.994" errors="0">
  <testcase name="f" time="7.994" classname="com.lemon.day020.section1.FindElement"/>
</testsuite> <!-- com.lemon.day020.section1.FindElement -->
