<?xml version="1.0" encoding="UTF-8"?>
<!-- Generated by org.testng.reporters.JUnitReportReporter -->
<testsuite hostname="DESKTOP-U8KLB9R" name="com.lemon.day018.section2.Tester" tests="1" failures="0" timestamp="23 Jun 2021 06:34:44 GMT" time="2.992" errors="0">
  <testcase name="f1" time="2.992" classname="com.lemon.day018.section2.Tester"/>
</testsuite> <!-- com.lemon.day018.section2.Tester -->
