<?xml version="1.0" encoding="UTF-8"?>
<!-- Generated by org.testng.reporters.JUnitReportReporter -->
<testsuite hostname="DESKTOP-U8KLB9R" name="com.lemon.day019.section3.Tester" tests="1" failures="0" timestamp="7 Jun 2020 11:50:33 GMT" time="6.829" errors="0">
  <testcase name="name" time="6.829" classname="com.lemon.day019.section3.Tester"/>
</testsuite> <!-- com.lemon.day019.section3.Tester -->
