<?xml version="1.0" encoding="UTF-8"?>
<!-- Generated by org.testng.reporters.JUnitReportReporter -->
<testsuite hostname="DESKTOP-U8KLB9R" name="com.lemon.day019.section2.ChromeTester" tests="1" failures="0" timestamp="31 May 2020 11:18:28 GMT" time="7.240" errors="0">
  <testcase name="f" time="7.240" classname="com.lemon.day019.section2.ChromeTester"/>
</testsuite> <!-- com.lemon.day019.section2.ChromeTester -->
