<?xml version="1.0" encoding="UTF-8"?>
<!-- Generated by org.testng.reporters.JUnitReportReporter -->
<testsuite hostname="DESKTOP-U8KLB9R" name="test.NewTest" tests="1" failures="0" timestamp="30 Mar 2020 05:13:24 GMT" time="0.017" errors="0">
  <testcase name="f" time="0.017" classname="test.NewTest"/>
</testsuite> <!-- test.NewTest -->
