<?xml version="1.0" encoding="UTF-8"?>
<!-- Generated by org.testng.reporters.JUnitReportReporter -->
<testsuite hostname="DESKTOP-U8KLB9R" name="com.lemon.day018.section1.RechargeTester" tests="4" failures="0" timestamp="31 May 2020 15:07:25 GMT" time="0.011" errors="0">
  <testcase name="f1" time="0.006" classname="com.lemon.day018.section1.RechargeTester"/>
  <testcase name="f3" time="0.001" classname="com.lemon.day018.section1.RechargeTester"/>
  <testcase name="f2" time="0.003" classname="com.lemon.day018.section1.RechargeTester"/>
  <testcase name="f4" time="0.001" classname="com.lemon.day018.section1.RechargeTester"/>
</testsuite> <!-- com.lemon.day018.section1.RechargeTester -->
