<?xml version="1.0" encoding="UTF-8"?>
<!-- Generated by org.testng.reporters.JUnitReportReporter -->
<testsuite hostname="DESKTOP-U8KLB9R" name="com.lemon.day017.section2.rechargeTester2" tests="4" failures="0" timestamp="16 Jun 2021 08:52:22 GMT" time="0.009" errors="0">
  <testcase name="f1" time="0.006" classname="com.lemon.day017.section2.rechargeTester2"/>
  <testcase name="f2" time="0.001" classname="com.lemon.day017.section2.rechargeTester2"/>
  <testcase name="f3" time="0.001" classname="com.lemon.day017.section2.rechargeTester2"/>
  <testcase name="f4" time="0.001" classname="com.lemon.day017.section2.rechargeTester2"/>
</testsuite> <!-- com.lemon.day017.section2.rechargeTester2 -->
